Data Set #1:
There is no intersection.

Data Set #2:
The intersection is the point (-1.0, 2.0, 1.0).

Data Set #3:
The line lies on the plane.

Data Set #4:
The intersection is the point (0.0, 0.0, 1.0).

Data Set #5:
There is no intersection.

Data Set #6:
The line lies on the plane.

Data Set #7:
The intersection is the point (0.0, 0.0, 1.0).

Data Set #8:
There is no intersection.

Data Set #9:
The intersection is the point (85.8, 18.8, -57.8).

Data Set #10:
The intersection is the point (-2.0, -2.0, -2.0).

Data Set #11:
The intersection is the point (-2.5, -1.5, 3.3).

